<?xml version="1.0" encoding="UTF-8"?>
<testng-results total="2" passed="2" failed="0" skipped="0">
  <reporter-output>
  </reporter-output>
  <suite started-at="2025-02-15T21:19:08Z" name="Default suite" finished-at="2025-02-15T21:19:29Z" duration-ms="20271">
    <groups>
    </groups>
    <test started-at="2025-02-15T21:19:08Z" name="Default test" finished-at="2025-02-15T21:19:29Z" duration-ms="20271">
      <class name="mern.test.AnimatedSlideTest">
        <test-method is-config="true" signature="browserSetup(java.lang.String)[pri:0, instance:mern.test.AnimatedSlideTest@babafc2]" started-at="2025-02-16T02:49:08Z" name="browserSetup" finished-at="2025-02-16T02:49:12Z" duration-ms="3567" status="PASS">
          <params>
            <param index="0">
              <value>
                <![CDATA[edge]]>
              </value>
            </param>
          </params>
          <reporter-output>
          </reporter-output>
        </test-method> <!-- browserSetup -->
        <test-method signature="testAutoScrollSlides()[pri:0, instance:mern.test.AnimatedSlideTest@babafc2]" started-at="2025-02-16T02:49:12Z" name="testAutoScrollSlides" finished-at="2025-02-16T02:49:18Z" duration-ms="6139" status="PASS">
          <reporter-output>
          </reporter-output>
        </test-method> <!-- testAutoScrollSlides -->
        <test-method is-config="true" signature="closeWindow()[pri:0, instance:mern.test.AnimatedSlideTest@babafc2]" started-at="2025-02-16T02:49:18Z" name="closeWindow" finished-at="2025-02-16T02:49:18Z" duration-ms="281" status="PASS">
          <reporter-output>
          </reporter-output>
        </test-method> <!-- closeWindow -->
        <test-method is-config="true" signature="browserSetup(java.lang.String)[pri:0, instance:mern.test.AnimatedSlideTest@babafc2]" started-at="2025-02-16T02:49:18Z" name="browserSetup" finished-at="2025-02-16T02:49:22Z" duration-ms="3198" status="PASS">
          <params>
            <param index="0">
              <value>
                <![CDATA[edge]]>
              </value>
            </param>
          </params>
          <reporter-output>
          </reporter-output>
        </test-method> <!-- browserSetup -->
        <test-method signature="testSlideNavigation()[pri:0, instance:mern.test.AnimatedSlideTest@babafc2]" started-at="2025-02-16T02:49:22Z" name="testSlideNavigation" finished-at="2025-02-16T02:49:28Z" duration-ms="6792" status="PASS">
          <reporter-output>
          </reporter-output>
        </test-method> <!-- testSlideNavigation -->
        <test-method is-config="true" signature="closeWindow()[pri:0, instance:mern.test.AnimatedSlideTest@babafc2]" started-at="2025-02-16T02:49:28Z" name="closeWindow" finished-at="2025-02-16T02:49:29Z" duration-ms="266" status="PASS">
          <reporter-output>
          </reporter-output>
        </test-method> <!-- closeWindow -->
      </class> <!-- mern.test.AnimatedSlideTest -->
    </test> <!-- Default test -->
  </suite> <!-- Default suite -->
</testng-results>
